<?xml version="1.0" encoding="UTF-8"?>
<testsuite xmlns:xsi="http://www.w3.org/2001/XMLSchema-instance" xsi:noNamespaceSchemaLocation="https://maven.apache.org/surefire/maven-surefire-plugin/xsd/surefire-test-report.xsd" name="br.com.bytescorp.demo.EstudanteEndpointTest" time="5.193" tests="6" errors="2" skipped="0" failures="0">
  <properties>
    <property name="java.specification.version" value="14"/>
    <property name="sun.jnu.encoding" value="UTF-8"/>
    <property name="java.class.path" value="/Users/edenalencar/IdeaProjects/AprendendoSpringBootComInicializador/target/test-classes:/Users/edenalencar/IdeaProjects/AprendendoSpringBootComInicializador/target/classes:/Users/edenalencar/.m2/repository/org/springframework/boot/spring-boot-starter-web/2.3.1.RELEASE/spring-boot-starter-web-2.3.1.RELEASE.jar:/Users/edenalencar/.m2/repository/org/springframework/boot/spring-boot-starter/2.3.1.RELEASE/spring-boot-starter-2.3.1.RELEASE.jar:/Users/edenalencar/.m2/repository/org/springframework/boot/spring-boot-starter-logging/2.3.1.RELEASE/spring-boot-starter-logging-2.3.1.RELEASE.jar:/Users/edenalencar/.m2/repository/ch/qos/logback/logback-classic/1.2.3/logback-classic-1.2.3.jar:/Users/edenalencar/.m2/repository/ch/qos/logback/logback-core/1.2.3/logback-core-1.2.3.jar:/Users/edenalencar/.m2/repository/org/apache/logging/log4j/log4j-to-slf4j/2.13.3/log4j-to-slf4j-2.13.3.jar:/Users/edenalencar/.m2/repository/org/apache/logging/log4j/log4j-api/2.13.3/log4j-api-2.13.3.jar:/Users/edenalencar/.m2/repository/org/slf4j/jul-to-slf4j/1.7.30/jul-to-slf4j-1.7.30.jar:/Users/edenalencar/.m2/repository/jakarta/annotation/jakarta.annotation-api/1.3.5/jakarta.annotation-api-1.3.5.jar:/Users/edenalencar/.m2/repository/org/yaml/snakeyaml/1.26/snakeyaml-1.26.jar:/Users/edenalencar/.m2/repository/org/springframework/boot/spring-boot-starter-json/2.3.1.RELEASE/spring-boot-starter-json-2.3.1.RELEASE.jar:/Users/edenalencar/.m2/repository/com/fasterxml/jackson/core/jackson-databind/2.11.0/jackson-databind-2.11.0.jar:/Users/edenalencar/.m2/repository/com/fasterxml/jackson/core/jackson-annotations/2.11.0/jackson-annotations-2.11.0.jar:/Users/edenalencar/.m2/repository/com/fasterxml/jackson/core/jackson-core/2.11.0/jackson-core-2.11.0.jar:/Users/edenalencar/.m2/repository/com/fasterxml/jackson/datatype/jackson-datatype-jdk8/2.11.0/jackson-datatype-jdk8-2.11.0.jar:/Users/edenalencar/.m2/repository/com/fasterxml/jackson/datatype/jackson-datatype-jsr310/2.11.0/jackson-datatype-jsr310-2.11.0.jar:/Users/edenalencar/.m2/repository/com/fasterxml/jackson/module/jackson-module-parameter-names/2.11.0/jackson-module-parameter-names-2.11.0.jar:/Users/edenalencar/.m2/repository/org/springframework/boot/spring-boot-starter-tomcat/2.3.1.RELEASE/spring-boot-starter-tomcat-2.3.1.RELEASE.jar:/Users/edenalencar/.m2/repository/org/apache/tomcat/embed/tomcat-embed-core/9.0.36/tomcat-embed-core-9.0.36.jar:/Users/edenalencar/.m2/repository/org/apache/tomcat/embed/tomcat-embed-websocket/9.0.36/tomcat-embed-websocket-9.0.36.jar:/Users/edenalencar/.m2/repository/org/springframework/spring-web/5.2.7.RELEASE/spring-web-5.2.7.RELEASE.jar:/Users/edenalencar/.m2/repository/org/springframework/spring-beans/5.2.7.RELEASE/spring-beans-5.2.7.RELEASE.jar:/Users/edenalencar/.m2/repository/org/springframework/spring-webmvc/5.2.7.RELEASE/spring-webmvc-5.2.7.RELEASE.jar:/Users/edenalencar/.m2/repository/org/springframework/spring-context/5.2.7.RELEASE/spring-context-5.2.7.RELEASE.jar:/Users/edenalencar/.m2/repository/org/springframework/spring-expression/5.2.7.RELEASE/spring-expression-5.2.7.RELEASE.jar:/Users/edenalencar/.m2/repository/org/springframework/boot/spring-boot-devtools/2.3.1.RELEASE/spring-boot-devtools-2.3.1.RELEASE.jar:/Users/edenalencar/.m2/repository/org/springframework/boot/spring-boot/2.3.1.RELEASE/spring-boot-2.3.1.RELEASE.jar:/Users/edenalencar/.m2/repository/org/springframework/boot/spring-boot-autoconfigure/2.3.1.RELEASE/spring-boot-autoconfigure-2.3.1.RELEASE.jar:/Users/edenalencar/.m2/repository/org/springframework/boot/spring-boot-starter-data-jpa/2.3.1.RELEASE/spring-boot-starter-data-jpa-2.3.1.RELEASE.jar:/Users/edenalencar/.m2/repository/org/springframework/boot/spring-boot-starter-aop/2.3.1.RELEASE/spring-boot-starter-aop-2.3.1.RELEASE.jar:/Users/edenalencar/.m2/repository/org/aspectj/aspectjweaver/1.9.5/aspectjweaver-1.9.5.jar:/Users/edenalencar/.m2/repository/org/springframework/boot/spring-boot-starter-jdbc/2.3.1.RELEASE/spring-boot-starter-jdbc-2.3.1.RELEASE.jar:/Users/edenalencar/.m2/repository/com/zaxxer/HikariCP/3.4.5/HikariCP-3.4.5.jar:/Users/edenalencar/.m2/repository/org/springframework/spring-jdbc/5.2.7.RELEASE/spring-jdbc-5.2.7.RELEASE.jar:/Users/edenalencar/.m2/repository/jakarta/transaction/jakarta.transaction-api/1.3.3/jakarta.transaction-api-1.3.3.jar:/Users/edenalencar/.m2/repository/jakarta/persistence/jakarta.persistence-api/2.2.3/jakarta.persistence-api-2.2.3.jar:/Users/edenalencar/.m2/repository/org/hibernate/hibernate-core/5.4.17.Final/hibernate-core-5.4.17.Final.jar:/Users/edenalencar/.m2/repository/org/jboss/logging/jboss-logging/3.4.1.Final/jboss-logging-3.4.1.Final.jar:/Users/edenalencar/.m2/repository/org/javassist/javassist/3.24.0-GA/javassist-3.24.0-GA.jar:/Users/edenalencar/.m2/repository/net/bytebuddy/byte-buddy/1.10.11/byte-buddy-1.10.11.jar:/Users/edenalencar/.m2/repository/antlr/antlr/2.7.7/antlr-2.7.7.jar:/Users/edenalencar/.m2/repository/org/jboss/jandex/2.1.3.Final/jandex-2.1.3.Final.jar:/Users/edenalencar/.m2/repository/com/fasterxml/classmate/1.5.1/classmate-1.5.1.jar:/Users/edenalencar/.m2/repository/org/dom4j/dom4j/2.1.3/dom4j-2.1.3.jar:/Users/edenalencar/.m2/repository/org/hibernate/common/hibernate-commons-annotations/5.1.0.Final/hibernate-commons-annotations-5.1.0.Final.jar:/Users/edenalencar/.m2/repository/org/glassfish/jaxb/jaxb-runtime/2.3.3/jaxb-runtime-2.3.3.jar:/Users/edenalencar/.m2/repository/org/glassfish/jaxb/txw2/2.3.3/txw2-2.3.3.jar:/Users/edenalencar/.m2/repository/com/sun/istack/istack-commons-runtime/3.0.11/istack-commons-runtime-3.0.11.jar:/Users/edenalencar/.m2/repository/com/sun/activation/jakarta.activation/1.2.2/jakarta.activation-1.2.2.jar:/Users/edenalencar/.m2/repository/org/springframework/data/spring-data-jpa/2.3.1.RELEASE/spring-data-jpa-2.3.1.RELEASE.jar:/Users/edenalencar/.m2/repository/org/springframework/data/spring-data-commons/2.3.1.RELEASE/spring-data-commons-2.3.1.RELEASE.jar:/Users/edenalencar/.m2/repository/org/springframework/spring-orm/5.2.7.RELEASE/spring-orm-5.2.7.RELEASE.jar:/Users/edenalencar/.m2/repository/org/springframework/spring-tx/5.2.7.RELEASE/spring-tx-5.2.7.RELEASE.jar:/Users/edenalencar/.m2/repository/org/slf4j/slf4j-api/1.7.30/slf4j-api-1.7.30.jar:/Users/edenalencar/.m2/repository/org/springframework/spring-aspects/5.2.7.RELEASE/spring-aspects-5.2.7.RELEASE.jar:/Users/edenalencar/.m2/repository/org/springframework/boot/spring-boot-starter-validation/2.3.1.RELEASE/spring-boot-starter-validation-2.3.1.RELEASE.jar:/Users/edenalencar/.m2/repository/org/glassfish/jakarta.el/3.0.3/jakarta.el-3.0.3.jar:/Users/edenalencar/.m2/repository/org/hibernate/validator/hibernate-validator/6.1.5.Final/hibernate-validator-6.1.5.Final.jar:/Users/edenalencar/.m2/repository/jakarta/validation/jakarta.validation-api/2.0.2/jakarta.validation-api-2.0.2.jar:/Users/edenalencar/.m2/repository/org/springframework/boot/spring-boot-starter-security/2.3.1.RELEASE/spring-boot-starter-security-2.3.1.RELEASE.jar:/Users/edenalencar/.m2/repository/org/springframework/spring-aop/5.2.7.RELEASE/spring-aop-5.2.7.RELEASE.jar:/Users/edenalencar/.m2/repository/org/springframework/security/spring-security-config/5.3.3.RELEASE/spring-security-config-5.3.3.RELEASE.jar:/Users/edenalencar/.m2/repository/org/springframework/security/spring-security-web/5.3.3.RELEASE/spring-security-web-5.3.3.RELEASE.jar:/Users/edenalencar/.m2/repository/com/microsoft/sqlserver/mssql-jdbc/8.3.1.jre14-preview/mssql-jdbc-8.3.1.jre14-preview.jar:/Users/edenalencar/.m2/repository/org/springframework/boot/spring-boot-starter-test/2.3.1.RELEASE/spring-boot-starter-test-2.3.1.RELEASE.jar:/Users/edenalencar/.m2/repository/org/springframework/boot/spring-boot-test/2.3.1.RELEASE/spring-boot-test-2.3.1.RELEASE.jar:/Users/edenalencar/.m2/repository/org/springframework/boot/spring-boot-test-autoconfigure/2.3.1.RELEASE/spring-boot-test-autoconfigure-2.3.1.RELEASE.jar:/Users/edenalencar/.m2/repository/com/jayway/jsonpath/json-path/2.4.0/json-path-2.4.0.jar:/Users/edenalencar/.m2/repository/net/minidev/json-smart/2.3/json-smart-2.3.jar:/Users/edenalencar/.m2/repository/net/minidev/accessors-smart/1.2/accessors-smart-1.2.jar:/Users/edenalencar/.m2/repository/org/ow2/asm/asm/5.0.4/asm-5.0.4.jar:/Users/edenalencar/.m2/repository/jakarta/xml/bind/jakarta.xml.bind-api/2.3.3/jakarta.xml.bind-api-2.3.3.jar:/Users/edenalencar/.m2/repository/jakarta/activation/jakarta.activation-api/1.2.2/jakarta.activation-api-1.2.2.jar:/Users/edenalencar/.m2/repository/org/assertj/assertj-core/3.16.1/assertj-core-3.16.1.jar:/Users/edenalencar/.m2/repository/org/hamcrest/hamcrest/2.2/hamcrest-2.2.jar:/Users/edenalencar/.m2/repository/org/junit/jupiter/junit-jupiter/5.6.2/junit-jupiter-5.6.2.jar:/Users/edenalencar/.m2/repository/org/junit/jupiter/junit-jupiter-api/5.6.2/junit-jupiter-api-5.6.2.jar:/Users/edenalencar/.m2/repository/org/apiguardian/apiguardian-api/1.1.0/apiguardian-api-1.1.0.jar:/Users/edenalencar/.m2/repository/org/opentest4j/opentest4j/1.2.0/opentest4j-1.2.0.jar:/Users/edenalencar/.m2/repository/org/junit/platform/junit-platform-commons/1.6.2/junit-platform-commons-1.6.2.jar:/Users/edenalencar/.m2/repository/org/junit/jupiter/junit-jupiter-params/5.6.2/junit-jupiter-params-5.6.2.jar:/Users/edenalencar/.m2/repository/org/junit/jupiter/junit-jupiter-engine/5.6.2/junit-jupiter-engine-5.6.2.jar:/Users/edenalencar/.m2/repository/org/junit/platform/junit-platform-engine/1.6.2/junit-platform-engine-1.6.2.jar:/Users/edenalencar/.m2/repository/org/mockito/mockito-core/3.3.3/mockito-core-3.3.3.jar:/Users/edenalencar/.m2/repository/net/bytebuddy/byte-buddy-agent/1.10.11/byte-buddy-agent-1.10.11.jar:/Users/edenalencar/.m2/repository/org/objenesis/objenesis/2.6/objenesis-2.6.jar:/Users/edenalencar/.m2/repository/org/mockito/mockito-junit-jupiter/3.3.3/mockito-junit-jupiter-3.3.3.jar:/Users/edenalencar/.m2/repository/org/skyscreamer/jsonassert/1.5.0/jsonassert-1.5.0.jar:/Users/edenalencar/.m2/repository/com/vaadin/external/google/android-json/0.0.20131108.vaadin1/android-json-0.0.20131108.vaadin1.jar:/Users/edenalencar/.m2/repository/org/springframework/spring-core/5.2.7.RELEASE/spring-core-5.2.7.RELEASE.jar:/Users/edenalencar/.m2/repository/org/springframework/spring-jcl/5.2.7.RELEASE/spring-jcl-5.2.7.RELEASE.jar:/Users/edenalencar/.m2/repository/org/springframework/spring-test/5.2.7.RELEASE/spring-test-5.2.7.RELEASE.jar:/Users/edenalencar/.m2/repository/org/xmlunit/xmlunit-core/2.7.0/xmlunit-core-2.7.0.jar:/Users/edenalencar/.m2/repository/javax/validation/validation-api/2.0.1.Final/validation-api-2.0.1.Final.jar:/Users/edenalencar/.m2/repository/com/h2database/h2/1.4.200/h2-1.4.200.jar:/Users/edenalencar/.m2/repository/org/springframework/security/spring-security-test/5.1.5.RELEASE/spring-security-test-5.1.5.RELEASE.jar:/Users/edenalencar/.m2/repository/org/springframework/security/spring-security-core/5.3.3.RELEASE/spring-security-core-5.3.3.RELEASE.jar:"/>
    <property name="java.vm.vendor" value="Oracle Corporation"/>
    <property name="sun.arch.data.model" value="64"/>
    <property name="java.vendor.url" value="https://java.oracle.com/"/>
    <property name="os.name" value="Mac OS X"/>
    <property name="java.vm.specification.version" value="14"/>
    <property name="sun.java.launcher" value="SUN_STANDARD"/>
    <property name="user.country" value="BR"/>
    <property name="sun.boot.library.path" value="/Library/Java/JavaVirtualMachines/jdk-14.0.1.jdk/Contents/Home/lib"/>
    <property name="sun.java.command" value="/Users/edenalencar/IdeaProjects/AprendendoSpringBootComInicializador/target/surefire/surefirebooter8708547701339388267.jar /Users/edenalencar/IdeaProjects/AprendendoSpringBootComInicializador/target/surefire 2020-07-21T22-28-00_606-jvmRun1 surefire10926292722486327574tmp surefire_04269831917149791107tmp"/>
    <property name="http.nonProxyHosts" value="local|*.local|169.254/16|*.169.254/16"/>
    <property name="jdk.debug" value="release"/>
    <property name="surefire.test.class.path" value="/Users/edenalencar/IdeaProjects/AprendendoSpringBootComInicializador/target/test-classes:/Users/edenalencar/IdeaProjects/AprendendoSpringBootComInicializador/target/classes:/Users/edenalencar/.m2/repository/org/springframework/boot/spring-boot-starter-web/2.3.1.RELEASE/spring-boot-starter-web-2.3.1.RELEASE.jar:/Users/edenalencar/.m2/repository/org/springframework/boot/spring-boot-starter/2.3.1.RELEASE/spring-boot-starter-2.3.1.RELEASE.jar:/Users/edenalencar/.m2/repository/org/springframework/boot/spring-boot-starter-logging/2.3.1.RELEASE/spring-boot-starter-logging-2.3.1.RELEASE.jar:/Users/edenalencar/.m2/repository/ch/qos/logback/logback-classic/1.2.3/logback-classic-1.2.3.jar:/Users/edenalencar/.m2/repository/ch/qos/logback/logback-core/1.2.3/logback-core-1.2.3.jar:/Users/edenalencar/.m2/repository/org/apache/logging/log4j/log4j-to-slf4j/2.13.3/log4j-to-slf4j-2.13.3.jar:/Users/edenalencar/.m2/repository/org/apache/logging/log4j/log4j-api/2.13.3/log4j-api-2.13.3.jar:/Users/edenalencar/.m2/repository/org/slf4j/jul-to-slf4j/1.7.30/jul-to-slf4j-1.7.30.jar:/Users/edenalencar/.m2/repository/jakarta/annotation/jakarta.annotation-api/1.3.5/jakarta.annotation-api-1.3.5.jar:/Users/edenalencar/.m2/repository/org/yaml/snakeyaml/1.26/snakeyaml-1.26.jar:/Users/edenalencar/.m2/repository/org/springframework/boot/spring-boot-starter-json/2.3.1.RELEASE/spring-boot-starter-json-2.3.1.RELEASE.jar:/Users/edenalencar/.m2/repository/com/fasterxml/jackson/core/jackson-databind/2.11.0/jackson-databind-2.11.0.jar:/Users/edenalencar/.m2/repository/com/fasterxml/jackson/core/jackson-annotations/2.11.0/jackson-annotations-2.11.0.jar:/Users/edenalencar/.m2/repository/com/fasterxml/jackson/core/jackson-core/2.11.0/jackson-core-2.11.0.jar:/Users/edenalencar/.m2/repository/com/fasterxml/jackson/datatype/jackson-datatype-jdk8/2.11.0/jackson-datatype-jdk8-2.11.0.jar:/Users/edenalencar/.m2/repository/com/fasterxml/jackson/datatype/jackson-datatype-jsr310/2.11.0/jackson-datatype-jsr310-2.11.0.jar:/Users/edenalencar/.m2/repository/com/fasterxml/jackson/module/jackson-module-parameter-names/2.11.0/jackson-module-parameter-names-2.11.0.jar:/Users/edenalencar/.m2/repository/org/springframework/boot/spring-boot-starter-tomcat/2.3.1.RELEASE/spring-boot-starter-tomcat-2.3.1.RELEASE.jar:/Users/edenalencar/.m2/repository/org/apache/tomcat/embed/tomcat-embed-core/9.0.36/tomcat-embed-core-9.0.36.jar:/Users/edenalencar/.m2/repository/org/apache/tomcat/embed/tomcat-embed-websocket/9.0.36/tomcat-embed-websocket-9.0.36.jar:/Users/edenalencar/.m2/repository/org/springframework/spring-web/5.2.7.RELEASE/spring-web-5.2.7.RELEASE.jar:/Users/edenalencar/.m2/repository/org/springframework/spring-beans/5.2.7.RELEASE/spring-beans-5.2.7.RELEASE.jar:/Users/edenalencar/.m2/repository/org/springframework/spring-webmvc/5.2.7.RELEASE/spring-webmvc-5.2.7.RELEASE.jar:/Users/edenalencar/.m2/repository/org/springframework/spring-context/5.2.7.RELEASE/spring-context-5.2.7.RELEASE.jar:/Users/edenalencar/.m2/repository/org/springframework/spring-expression/5.2.7.RELEASE/spring-expression-5.2.7.RELEASE.jar:/Users/edenalencar/.m2/repository/org/springframework/boot/spring-boot-devtools/2.3.1.RELEASE/spring-boot-devtools-2.3.1.RELEASE.jar:/Users/edenalencar/.m2/repository/org/springframework/boot/spring-boot/2.3.1.RELEASE/spring-boot-2.3.1.RELEASE.jar:/Users/edenalencar/.m2/repository/org/springframework/boot/spring-boot-autoconfigure/2.3.1.RELEASE/spring-boot-autoconfigure-2.3.1.RELEASE.jar:/Users/edenalencar/.m2/repository/org/springframework/boot/spring-boot-starter-data-jpa/2.3.1.RELEASE/spring-boot-starter-data-jpa-2.3.1.RELEASE.jar:/Users/edenalencar/.m2/repository/org/springframework/boot/spring-boot-starter-aop/2.3.1.RELEASE/spring-boot-starter-aop-2.3.1.RELEASE.jar:/Users/edenalencar/.m2/repository/org/aspectj/aspectjweaver/1.9.5/aspectjweaver-1.9.5.jar:/Users/edenalencar/.m2/repository/org/springframework/boot/spring-boot-starter-jdbc/2.3.1.RELEASE/spring-boot-starter-jdbc-2.3.1.RELEASE.jar:/Users/edenalencar/.m2/repository/com/zaxxer/HikariCP/3.4.5/HikariCP-3.4.5.jar:/Users/edenalencar/.m2/repository/org/springframework/spring-jdbc/5.2.7.RELEASE/spring-jdbc-5.2.7.RELEASE.jar:/Users/edenalencar/.m2/repository/jakarta/transaction/jakarta.transaction-api/1.3.3/jakarta.transaction-api-1.3.3.jar:/Users/edenalencar/.m2/repository/jakarta/persistence/jakarta.persistence-api/2.2.3/jakarta.persistence-api-2.2.3.jar:/Users/edenalencar/.m2/repository/org/hibernate/hibernate-core/5.4.17.Final/hibernate-core-5.4.17.Final.jar:/Users/edenalencar/.m2/repository/org/jboss/logging/jboss-logging/3.4.1.Final/jboss-logging-3.4.1.Final.jar:/Users/edenalencar/.m2/repository/org/javassist/javassist/3.24.0-GA/javassist-3.24.0-GA.jar:/Users/edenalencar/.m2/repository/net/bytebuddy/byte-buddy/1.10.11/byte-buddy-1.10.11.jar:/Users/edenalencar/.m2/repository/antlr/antlr/2.7.7/antlr-2.7.7.jar:/Users/edenalencar/.m2/repository/org/jboss/jandex/2.1.3.Final/jandex-2.1.3.Final.jar:/Users/edenalencar/.m2/repository/com/fasterxml/classmate/1.5.1/classmate-1.5.1.jar:/Users/edenalencar/.m2/repository/org/dom4j/dom4j/2.1.3/dom4j-2.1.3.jar:/Users/edenalencar/.m2/repository/org/hibernate/common/hibernate-commons-annotations/5.1.0.Final/hibernate-commons-annotations-5.1.0.Final.jar:/Users/edenalencar/.m2/repository/org/glassfish/jaxb/jaxb-runtime/2.3.3/jaxb-runtime-2.3.3.jar:/Users/edenalencar/.m2/repository/org/glassfish/jaxb/txw2/2.3.3/txw2-2.3.3.jar:/Users/edenalencar/.m2/repository/com/sun/istack/istack-commons-runtime/3.0.11/istack-commons-runtime-3.0.11.jar:/Users/edenalencar/.m2/repository/com/sun/activation/jakarta.activation/1.2.2/jakarta.activation-1.2.2.jar:/Users/edenalencar/.m2/repository/org/springframework/data/spring-data-jpa/2.3.1.RELEASE/spring-data-jpa-2.3.1.RELEASE.jar:/Users/edenalencar/.m2/repository/org/springframework/data/spring-data-commons/2.3.1.RELEASE/spring-data-commons-2.3.1.RELEASE.jar:/Users/edenalencar/.m2/repository/org/springframework/spring-orm/5.2.7.RELEASE/spring-orm-5.2.7.RELEASE.jar:/Users/edenalencar/.m2/repository/org/springframework/spring-tx/5.2.7.RELEASE/spring-tx-5.2.7.RELEASE.jar:/Users/edenalencar/.m2/repository/org/slf4j/slf4j-api/1.7.30/slf4j-api-1.7.30.jar:/Users/edenalencar/.m2/repository/org/springframework/spring-aspects/5.2.7.RELEASE/spring-aspects-5.2.7.RELEASE.jar:/Users/edenalencar/.m2/repository/org/springframework/boot/spring-boot-starter-validation/2.3.1.RELEASE/spring-boot-starter-validation-2.3.1.RELEASE.jar:/Users/edenalencar/.m2/repository/org/glassfish/jakarta.el/3.0.3/jakarta.el-3.0.3.jar:/Users/edenalencar/.m2/repository/org/hibernate/validator/hibernate-validator/6.1.5.Final/hibernate-validator-6.1.5.Final.jar:/Users/edenalencar/.m2/repository/jakarta/validation/jakarta.validation-api/2.0.2/jakarta.validation-api-2.0.2.jar:/Users/edenalencar/.m2/repository/org/springframework/boot/spring-boot-starter-security/2.3.1.RELEASE/spring-boot-starter-security-2.3.1.RELEASE.jar:/Users/edenalencar/.m2/repository/org/springframework/spring-aop/5.2.7.RELEASE/spring-aop-5.2.7.RELEASE.jar:/Users/edenalencar/.m2/repository/org/springframework/security/spring-security-config/5.3.3.RELEASE/spring-security-config-5.3.3.RELEASE.jar:/Users/edenalencar/.m2/repository/org/springframework/security/spring-security-web/5.3.3.RELEASE/spring-security-web-5.3.3.RELEASE.jar:/Users/edenalencar/.m2/repository/com/microsoft/sqlserver/mssql-jdbc/8.3.1.jre14-preview/mssql-jdbc-8.3.1.jre14-preview.jar:/Users/edenalencar/.m2/repository/org/springframework/boot/spring-boot-starter-test/2.3.1.RELEASE/spring-boot-starter-test-2.3.1.RELEASE.jar:/Users/edenalencar/.m2/repository/org/springframework/boot/spring-boot-test/2.3.1.RELEASE/spring-boot-test-2.3.1.RELEASE.jar:/Users/edenalencar/.m2/repository/org/springframework/boot/spring-boot-test-autoconfigure/2.3.1.RELEASE/spring-boot-test-autoconfigure-2.3.1.RELEASE.jar:/Users/edenalencar/.m2/repository/com/jayway/jsonpath/json-path/2.4.0/json-path-2.4.0.jar:/Users/edenalencar/.m2/repository/net/minidev/json-smart/2.3/json-smart-2.3.jar:/Users/edenalencar/.m2/repository/net/minidev/accessors-smart/1.2/accessors-smart-1.2.jar:/Users/edenalencar/.m2/repository/org/ow2/asm/asm/5.0.4/asm-5.0.4.jar:/Users/edenalencar/.m2/repository/jakarta/xml/bind/jakarta.xml.bind-api/2.3.3/jakarta.xml.bind-api-2.3.3.jar:/Users/edenalencar/.m2/repository/jakarta/activation/jakarta.activation-api/1.2.2/jakarta.activation-api-1.2.2.jar:/Users/edenalencar/.m2/repository/org/assertj/assertj-core/3.16.1/assertj-core-3.16.1.jar:/Users/edenalencar/.m2/repository/org/hamcrest/hamcrest/2.2/hamcrest-2.2.jar:/Users/edenalencar/.m2/repository/org/junit/jupiter/junit-jupiter/5.6.2/junit-jupiter-5.6.2.jar:/Users/edenalencar/.m2/repository/org/junit/jupiter/junit-jupiter-api/5.6.2/junit-jupiter-api-5.6.2.jar:/Users/edenalencar/.m2/repository/org/apiguardian/apiguardian-api/1.1.0/apiguardian-api-1.1.0.jar:/Users/edenalencar/.m2/repository/org/opentest4j/opentest4j/1.2.0/opentest4j-1.2.0.jar:/Users/edenalencar/.m2/repository/org/junit/platform/junit-platform-commons/1.6.2/junit-platform-commons-1.6.2.jar:/Users/edenalencar/.m2/repository/org/junit/jupiter/junit-jupiter-params/5.6.2/junit-jupiter-params-5.6.2.jar:/Users/edenalencar/.m2/repository/org/junit/jupiter/junit-jupiter-engine/5.6.2/junit-jupiter-engine-5.6.2.jar:/Users/edenalencar/.m2/repository/org/junit/platform/junit-platform-engine/1.6.2/junit-platform-engine-1.6.2.jar:/Users/edenalencar/.m2/repository/org/mockito/mockito-core/3.3.3/mockito-core-3.3.3.jar:/Users/edenalencar/.m2/repository/net/bytebuddy/byte-buddy-agent/1.10.11/byte-buddy-agent-1.10.11.jar:/Users/edenalencar/.m2/repository/org/objenesis/objenesis/2.6/objenesis-2.6.jar:/Users/edenalencar/.m2/repository/org/mockito/mockito-junit-jupiter/3.3.3/mockito-junit-jupiter-3.3.3.jar:/Users/edenalencar/.m2/repository/org/skyscreamer/jsonassert/1.5.0/jsonassert-1.5.0.jar:/Users/edenalencar/.m2/repository/com/vaadin/external/google/android-json/0.0.20131108.vaadin1/android-json-0.0.20131108.vaadin1.jar:/Users/edenalencar/.m2/repository/org/springframework/spring-core/5.2.7.RELEASE/spring-core-5.2.7.RELEASE.jar:/Users/edenalencar/.m2/repository/org/springframework/spring-jcl/5.2.7.RELEASE/spring-jcl-5.2.7.RELEASE.jar:/Users/edenalencar/.m2/repository/org/springframework/spring-test/5.2.7.RELEASE/spring-test-5.2.7.RELEASE.jar:/Users/edenalencar/.m2/repository/org/xmlunit/xmlunit-core/2.7.0/xmlunit-core-2.7.0.jar:/Users/edenalencar/.m2/repository/javax/validation/validation-api/2.0.1.Final/validation-api-2.0.1.Final.jar:/Users/edenalencar/.m2/repository/com/h2database/h2/1.4.200/h2-1.4.200.jar:/Users/edenalencar/.m2/repository/org/springframework/security/spring-security-test/5.1.5.RELEASE/spring-security-test-5.1.5.RELEASE.jar:/Users/edenalencar/.m2/repository/org/springframework/security/spring-security-core/5.3.3.RELEASE/spring-security-core-5.3.3.RELEASE.jar:"/>
    <property name="sun.cpu.endian" value="little"/>
    <property name="user.home" value="/Users/edenalencar"/>
    <property name="user.language" value="pt"/>
    <property name="java.specification.vendor" value="Oracle Corporation"/>
    <property name="java.version.date" value="2020-04-14"/>
    <property name="java.home" value="/Library/Java/JavaVirtualMachines/jdk-14.0.1.jdk/Contents/Home"/>
    <property name="file.separator" value="/"/>
    <property name="basedir" value="/Users/edenalencar/IdeaProjects/AprendendoSpringBootComInicializador"/>
    <property name="java.vm.compressedOopsMode" value="Zero based"/>
    <property name="line.separator" value="&#10;"/>
    <property name="java.specification.name" value="Java Platform API Specification"/>
    <property name="java.vm.specification.vendor" value="Oracle Corporation"/>
    <property name="surefire.real.class.path" value="/Users/edenalencar/IdeaProjects/AprendendoSpringBootComInicializador/target/surefire/surefirebooter8708547701339388267.jar"/>
    <property name="sun.management.compiler" value="HotSpot 64-Bit Tiered Compilers"/>
    <property name="ftp.nonProxyHosts" value="local|*.local|169.254/16|*.169.254/16"/>
    <property name="java.runtime.version" value="14.0.1+7"/>
    <property name="user.name" value="edenalencar"/>
    <property name="path.separator" value=":"/>
    <property name="os.version" value="10.15.5"/>
    <property name="java.runtime.name" value="Java(TM) SE Runtime Environment"/>
    <property name="file.encoding" value="UTF-8"/>
    <property name="java.vm.name" value="Java HotSpot(TM) 64-Bit Server VM"/>
    <property name="localRepository" value="/Users/edenalencar/.m2/repository"/>
    <property name="java.vendor.url.bug" value="https://bugreport.java.com/bugreport/"/>
    <property name="java.io.tmpdir" value="/var/folders/v5/9_wtq43945n1dwrt10qr9ttr0000gn/T/"/>
    <property name="java.version" value="14.0.1"/>
    <property name="user.dir" value="/Users/edenalencar/IdeaProjects/AprendendoSpringBootComInicializador"/>
    <property name="os.arch" value="x86_64"/>
    <property name="java.vm.specification.name" value="Java Virtual Machine Specification"/>
    <property name="java.library.path" value="/Users/edenalencar/Library/Java/Extensions:/Library/Java/Extensions:/Network/Library/Java/Extensions:/System/Library/Java/Extensions:/usr/lib/java:."/>
    <property name="java.vm.info" value="mixed mode, sharing"/>
    <property name="java.vendor" value="Oracle Corporation"/>
    <property name="java.vm.version" value="14.0.1+7"/>
    <property name="sun.io.unicode.encoding" value="UnicodeBig"/>
    <property name="socksNonProxyHosts" value="local|*.local|169.254/16|*.169.254/16"/>
    <property name="java.class.version" value="58.0"/>
  </properties>
  <testcase name="obterEstudanteQuandoUsuarioESenhaEstivremCorretosRetornandoStatusCode200" classname="br.com.bytescorp.demo.EstudanteEndpointTest" time="0.051">
    <error message="I/O error on GET request for &quot;http://localhost:8080/v1/usuario/estudantes/15&quot;: Connection refused; nested exception is java.net.ConnectException: Connection refused" type="org.springframework.web.client.ResourceAccessException">org.springframework.web.client.ResourceAccessException: I/O error on GET request for "http://localhost:8080/v1/usuario/estudantes/15": Connection refused; nested exception is java.net.ConnectException: Connection refused
	at br.com.bytescorp.demo.EstudanteEndpointTest.obterEstudanteQuandoUsuarioESenhaEstivremCorretosRetornandoStatusCode200(EstudanteEndpointTest.java:95)
Caused by: java.net.ConnectException: Connection refused
	at br.com.bytescorp.demo.EstudanteEndpointTest.obterEstudanteQuandoUsuarioESenhaEstivremCorretosRetornandoStatusCode200(EstudanteEndpointTest.java:95)
</error>
    <system-out><![CDATA[2020-07-21 22:28:08.707  INFO 78315 --- [           main] .b.t.c.SpringBootTestContextBootstrapper : Neither @ContextConfiguration nor @ContextHierarchy found for test class [br.com.bytescorp.demo.EstudanteEndpointTest], using SpringBootContextLoader
2020-07-21 22:28:08.709  INFO 78315 --- [           main] o.s.t.c.support.AbstractContextLoader    : Could not detect default resource locations for test class [br.com.bytescorp.demo.EstudanteEndpointTest]: no resource found for suffixes {-context.xml, Context.groovy}.
2020-07-21 22:28:08.719  INFO 78315 --- [           main] .b.t.c.SpringBootTestContextBootstrapper : Found @SpringBootConfiguration br.com.bytescorp.demo.DemonstracaoSprinBootApplication for test class br.com.bytescorp.demo.EstudanteEndpointTest
2020-07-21 22:28:08.725  INFO 78315 --- [           main] .b.t.c.SpringBootTestContextBootstrapper : Loaded default TestExecutionListener class names from location [META-INF/spring.factories]: [org.springframework.boot.test.mock.mockito.MockitoTestExecutionListener, org.springframework.boot.test.mock.mockito.ResetMocksTestExecutionListener, org.springframework.boot.test.autoconfigure.restdocs.RestDocsTestExecutionListener, org.springframework.boot.test.autoconfigure.web.client.MockRestServiceServerResetTestExecutionListener, org.springframework.boot.test.autoconfigure.web.servlet.MockMvcPrintOnlyOnFailureTestExecutionListener, org.springframework.boot.test.autoconfigure.web.servlet.WebDriverTestExecutionListener, org.springframework.boot.test.autoconfigure.webservices.client.MockWebServiceServerTestExecutionListener, org.springframework.test.context.web.ServletTestExecutionListener, org.springframework.test.context.support.DirtiesContextBeforeModesTestExecutionListener, org.springframework.test.context.support.DependencyInjectionTestExecutionListener, org.springframework.test.context.support.DirtiesContextTestExecutionListener, org.springframework.test.context.transaction.TransactionalTestExecutionListener, org.springframework.test.context.jdbc.SqlScriptsTestExecutionListener, org.springframework.test.context.event.EventPublishingTestExecutionListener, org.springframework.security.test.context.support.WithSecurityContextTestExecutionListener, org.springframework.security.test.context.support.ReactorContextTestExecutionListener]
2020-07-21 22:28:08.727  INFO 78315 --- [           main] .b.t.c.SpringBootTestContextBootstrapper : Using TestExecutionListeners: [org.springframework.test.context.web.ServletTestExecutionListener@6081f330, org.springframework.test.context.support.DirtiesContextBeforeModesTestExecutionListener@eb695e8, org.springframework.boot.test.mock.mockito.MockitoTestExecutionListener@7eebb316, org.springframework.boot.test.autoconfigure.SpringBootDependencyInjectionTestExecutionListener@45273d40, org.springframework.test.context.support.DirtiesContextTestExecutionListener@2a504ea7, org.springframework.test.context.transaction.TransactionalTestExecutionListener@10f397d0, org.springframework.test.context.jdbc.SqlScriptsTestExecutionListener@33a3e5db, org.springframework.test.context.event.EventPublishingTestExecutionListener@4f9213d2, org.springframework.security.test.context.support.WithSecurityContextTestExecutionListener@679f59f1, org.springframework.security.test.context.support.ReactorContextTestExecutionListener@6b5e1fc5, org.springframework.boot.test.mock.mockito.ResetMocksTestExecutionListener@47ffa248, org.springframework.boot.test.autoconfigure.restdocs.RestDocsTestExecutionListener@18ac25e6, org.springframework.boot.test.autoconfigure.web.client.MockRestServiceServerResetTestExecutionListener@5e1a7d3, org.springframework.boot.test.autoconfigure.web.servlet.MockMvcPrintOnlyOnFailureTestExecutionListener@1eda309d, org.springframework.boot.test.autoconfigure.web.servlet.WebDriverTestExecutionListener@248d2cec, org.springframework.boot.test.autoconfigure.webservices.client.MockWebServiceServerTestExecutionListener@5d77be8e]

  .   ____          _            __ _ _
 /\\ / ___'_ __ _ _(_)_ __  __ _ \ \ \ \
( ( )\___ | '_ | '_| | '_ \/ _` | \ \ \ \
 \\/  ___)| |_)| | | | | || (_| |  ) ) ) )
  '  |____| .__|_| |_|_| |_\__, | / / / /
 =========|_|==============|___/=/_/_/_/
 :: Spring Boot ::        (v2.3.1.RELEASE)

2020-07-21 22:28:08.794  INFO 78315 --- [           main] b.c.b.demo.EstudanteEndpointTest         : Starting EstudanteEndpointTest on iMac-de-Eden.local with PID 78315 (started by edenalencar in /Users/edenalencar/IdeaProjects/AprendendoSpringBootComInicializador)
2020-07-21 22:28:08.795  INFO 78315 --- [           main] b.c.b.demo.EstudanteEndpointTest         : No active profile set, falling back to default profiles: default
2020-07-21 22:28:09.465  INFO 78315 --- [           main] .s.d.r.c.RepositoryConfigurationDelegate : Bootstrapping Spring Data JPA repositories in DEFERRED mode.
2020-07-21 22:28:09.489  INFO 78315 --- [           main] .s.d.r.c.RepositoryConfigurationDelegate : Finished Spring Data repository scanning in 23ms. Found 2 JPA repository interfaces.
2020-07-21 22:28:09.918  INFO 78315 --- [           main] trationDelegate$BeanPostProcessorChecker : Bean 'org.springframework.security.access.expression.method.DefaultMethodSecurityExpressionHandler@3f2afa8b' of type [org.springframework.security.access.expression.method.DefaultMethodSecurityExpressionHandler] is not eligible for getting processed by all BeanPostProcessors (for example: not eligible for auto-proxying)
2020-07-21 22:28:09.933  INFO 78315 --- [           main] trationDelegate$BeanPostProcessorChecker : Bean 'methodSecurityMetadataSource' of type [org.springframework.security.access.method.DelegatingMethodSecurityMetadataSource] is not eligible for getting processed by all BeanPostProcessors (for example: not eligible for auto-proxying)
2020-07-21 22:28:10.345  INFO 78315 --- [           main] o.s.b.w.embedded.tomcat.TomcatWebServer  : Tomcat initialized with port(s): 0 (http)
2020-07-21 22:28:10.359  INFO 78315 --- [           main] o.apache.catalina.core.StandardService   : Starting service [Tomcat]
2020-07-21 22:28:10.360  INFO 78315 --- [           main] org.apache.catalina.core.StandardEngine  : Starting Servlet engine: [Apache Tomcat/9.0.36]
2020-07-21 22:28:10.519  INFO 78315 --- [           main] o.a.c.c.C.[Tomcat].[localhost].[/]       : Initializing Spring embedded WebApplicationContext
2020-07-21 22:28:10.519  INFO 78315 --- [           main] w.s.c.ServletWebServerApplicationContext : Root WebApplicationContext: initialization completed in 1716 ms
2020-07-21 22:28:10.974  INFO 78315 --- [           main] o.s.s.concurrent.ThreadPoolTaskExecutor  : Initializing ExecutorService 'applicationTaskExecutor'
2020-07-21 22:28:11.016  INFO 78315 --- [         task-1] o.hibernate.jpa.internal.util.LogHelper  : HHH000204: Processing PersistenceUnitInfo [name: default]
2020-07-21 22:28:11.031  INFO 78315 --- [         task-1] com.zaxxer.hikari.HikariDataSource       : HikariPool-1 - Starting...
2020-07-21 22:28:11.198  WARN 78315 --- [           main] JpaBaseConfiguration$JpaWebConfiguration : spring.jpa.open-in-view is enabled by default. Therefore, database queries may be performed during view rendering. Explicitly configure spring.jpa.open-in-view to disable this warning
2020-07-21 22:28:11.710  INFO 78315 --- [           main] o.s.s.web.DefaultSecurityFilterChain     : Creating filter chain: any request, [org.springframework.security.web.context.request.async.WebAsyncManagerIntegrationFilter@7962a364, org.springframework.security.web.context.SecurityContextPersistenceFilter@1be3e952, org.springframework.security.web.header.HeaderWriterFilter@689fcf08, org.springframework.security.web.authentication.logout.LogoutFilter@4d204b30, org.springframework.security.web.authentication.www.BasicAuthenticationFilter@701da311, org.springframework.security.web.savedrequest.RequestCacheAwareFilter@495e1ad1, org.springframework.security.web.servletapi.SecurityContextHolderAwareRequestFilter@7a3f3bc4, org.springframework.security.web.authentication.AnonymousAuthenticationFilter@756030e2, org.springframework.security.web.session.SessionManagementFilter@5b5d6f9c, org.springframework.security.web.access.ExceptionTranslationFilter@4eb3b690, org.springframework.security.web.access.intercept.FilterSecurityInterceptor@1c149539]
2020-07-21 22:28:11.711  INFO 78315 --- [         task-1] com.zaxxer.hikari.HikariDataSource       : HikariPool-1 - Start completed.
2020-07-21 22:28:11.725  INFO 78315 --- [         task-1] org.hibernate.dialect.Dialect            : HHH000400: Using dialect: org.hibernate.dialect.SQLServer2012Dialect
2020-07-21 22:28:12.035  INFO 78315 --- [         task-1] o.h.e.t.j.p.i.JtaPlatformInitiator       : HHH000490: Using JtaPlatform implementation: [org.hibernate.engine.transaction.jta.platform.internal.NoJtaPlatform]
2020-07-21 22:28:12.037  INFO 78315 --- [         task-1] j.LocalContainerEntityManagerFactoryBean : Initialized JPA EntityManagerFactory for persistence unit 'default'
2020-07-21 22:28:12.769  INFO 78315 --- [           main] o.a.c.c.C.[Tomcat].[localhost].[/]       : Initializing Spring TestDispatcherServlet ''
2020-07-21 22:28:12.770  INFO 78315 --- [           main] o.s.t.web.servlet.TestDispatcherServlet  : Initializing Servlet ''
2020-07-21 22:28:12.787  INFO 78315 --- [           main] o.s.t.web.servlet.TestDispatcherServlet  : Completed initialization in 17 ms
2020-07-21 22:28:12.860  INFO 78315 --- [           main] o.s.b.w.embedded.tomcat.TomcatWebServer  : Tomcat started on port(s): 62315 (http) with context path ''
2020-07-21 22:28:12.861  INFO 78315 --- [           main] DeferredRepositoryInitializationListener : Triggering deferred initialization of Spring Data repositories…
2020-07-21 22:28:12.917  INFO 78315 --- [           main] DeferredRepositoryInitializationListener : Spring Data repositories initialized!
2020-07-21 22:28:12.927  INFO 78315 --- [           main] b.c.b.demo.EstudanteEndpointTest         : Started EstudanteEndpointTest in 4.197 seconds (JVM running for 11.894)
]]></system-out>
  </testcase>
  <testcase name="listarEstudanteQuandoUsuarioESenhaEstivremCorretosRetornandoStatusCode200" classname="br.com.bytescorp.demo.EstudanteEndpointTest" time="0.543"/>
  <testcase name="listarEstudanteQuandoUsuarioESenhaEstivremIncorretosRetornandoStatusCode401" classname="br.com.bytescorp.demo.EstudanteEndpointTest" time="0.177"/>
  <testcase name="obterEstudanteQuandoUsuarioESenhaEstivremIncorretosRetornandoStatusCode401" classname="br.com.bytescorp.demo.EstudanteEndpointTest" time="0.121"/>
  <testcase name="excluirQuandoUsuarioPossuirRoleAdminEEstudanteExistirRetornandoStatusCode200" classname="br.com.bytescorp.demo.EstudanteEndpointTest" time="0.058"/>
  <testcase name="obterEstudanteQuandoUsuarioESenhaEstivremCorretosEEstundateNaoEncontradoRetornandoStatusCode404" classname="br.com.bytescorp.demo.EstudanteEndpointTest" time="0.004">
    <error message="I/O error on GET request for &quot;http://localhost:8080/v1/usuario/estudantes/obterEstudantePorNome/Doninha&quot;: Connection refused; nested exception is java.net.ConnectException: Connection refused" type="org.springframework.web.client.ResourceAccessException">org.springframework.web.client.ResourceAccessException: I/O error on GET request for "http://localhost:8080/v1/usuario/estudantes/obterEstudantePorNome/Doninha": Connection refused; nested exception is java.net.ConnectException: Connection refused
	at br.com.bytescorp.demo.EstudanteEndpointTest.obterEstudanteQuandoUsuarioESenhaEstivremCorretosEEstundateNaoEncontradoRetornandoStatusCode404(EstudanteEndpointTest.java:100)
Caused by: java.net.ConnectException: Connection refused
	at br.com.bytescorp.demo.EstudanteEndpointTest.obterEstudanteQuandoUsuarioESenhaEstivremCorretosEEstundateNaoEncontradoRetornandoStatusCode404(EstudanteEndpointTest.java:100)
</error>
  </testcase>
</testsuite>